2022-04-08 16:40:14,480 INFO  [main] wait_on_search_result: 1 min
2022-04-08 16:40:14,480 INFO  [main] search_keywords list: ['Good books to read', 'Best places to visit', 'Best food to eat']
2022-04-08 16:40:14,480 INFO  [main] search_engine: https://presearch.org/
2022-04-08 16:40:14,481 INFO  [logger] 

2022-04-08 16:40:14,481 INFO  [logger] ====== WebDriver manager ======
2022-04-08 16:40:14,867 INFO  [logger] Current google-chrome version is 100.0.4896
2022-04-08 16:40:14,867 INFO  [logger] Get LATEST chromedriver version for 100.0.4896 google-chrome
2022-04-08 16:40:15,256 INFO  [logger] Driver [C:\Users\Yogesh\.wdm\drivers\chromedriver\win32\100.0.4896.60\chromedriver.exe] found in cache
2022-04-08 16:40:16,310 INFO  [main] Browser opened
2022-04-08 16:40:16,467 INFO  [main] Browser maximized
2022-04-08 16:40:18,802 INFO  [main] Navigated to : https://presearch.org/
2022-04-08 16:40:18,847 INFO  [main] Found search box and written the keyword: Good books to read
2022-04-08 16:40:21,572 INFO  [main] Found search button and clicked
2022-04-08 16:40:21,573 INFO  [main] waiting for 5 sec for search result to be apeared
2022-04-08 16:40:26,573 INFO  [main] Trying to find all the search results and their links
2022-04-08 16:40:27,166 INFO  [main] Found below links (count- 14): 
2022-04-08 16:40:27,166 INFO  [main] ['https://thegreatestbooks.org/', 'https://www.oberlo.com/blog/must-read-books-of-all-time', 'https://www.realsimple.com/work-life/entertainment/what-to-read-right-now', 'https://dsearch.com/search?q=Good%20books%20to%20read', 'https://www.quora.com/I-want-to-start-a-new-novel-Could-someone-recommend-to-me-some-of-the-best-novels', 'https://www.goodreads.com/list/tag/best', 'https://www.amazon.in/100-books-to-read-in-a-lifetime/b?ie=UTF8&node=4348234031', 'https://www.powells.com/25-books-to-read-before-you-die', 'https://www.oberlo.in/blog/must-read-books-of-all-time', 'https://www.penguinrandomhouse.com/the-read-down/21-books-youve-been-meaning-to-read/', 'https://www.rd.com/list/books-read-before-die/', 'https://www.lifehack.org/articles/communication/30-books-that-everyone-should-read-least-once-their-lives.html', 'https://www.panmacmillan.com/blogs/general/must-read-books-of-all-time', 'https://www.youtube.com/channel/UCgU-2uscwUP6x27mUpCGWwg']
2022-04-08 16:40:27,166 INFO  [main] Navigating to : https://www.quora.com/I-want-to-start-a-new-novel-Could-someone-recommend-to-me-some-of-the-best-novels
2022-04-08 16:41:30,009 INFO  [main] Navigated to : https://presearch.org/
2022-04-08 16:41:30,068 INFO  [main] Found search box and written the keyword: Best places to visit
2022-04-08 16:41:31,352 INFO  [main] Found search button and clicked
2022-04-08 16:41:31,352 INFO  [main] waiting for 5 sec for search result to be apeared
2022-04-08 16:41:36,359 INFO  [main] Trying to find all the search results and their links
2022-04-08 16:41:37,131 INFO  [main] Found below links (count- 16): 
2022-04-08 16:41:37,131 INFO  [main] ['https://traveltriangle.com/blog/places-to-visit-in-india-before-you-turn-30/', 'https://dsearch.com/search?q=Best%20places%20to%20visit', 'https://www.planetware.com/india/best-places-to-visit-in-india-ind-1-26.htm', 'https://hippie-inheels.com/best-places-to-visit-in-india-from-five-years-of-exploration/', 'https://www.bestplaces.net/', 'https://www.yelp.com/nearme/places-to-visit', 'https://www.holidify.com/country/india/places-to-visit.html', 'https://www.holidify.com/collections/tourist-places-in-india', 'https://www.forbes.com/sites/laurabegleybloom/2019/09/04/bucket-list-travel-the-top-50-places-in-the-world/', 'https://www.youtube.com/watch?v=IgAnj6r1O48', 'https://www.youtube.com/watch?v=qoFzNQyhmKU', 'https://www.youtube.com/watch?v=S7W8yoQeLGA', 'https://www.youtube.com/watch?v=FlRwssZYRM0', 'https://www.busytourist.com/best-vacation-spots-and-places-to-visit/', 'https://travel.usnews.com/rankings/worlds-best-vacations/', 'https://www.youtube.com/channel/UCgU-2uscwUP6x27mUpCGWwg']
2022-04-08 16:41:37,131 INFO  [main] Navigating to : https://www.planetware.com/india/best-places-to-visit-in-india-ind-1-26.htm
2022-04-08 16:42:39,515 INFO  [main] Navigated to : https://presearch.org/
2022-04-08 16:42:39,567 INFO  [main] Found search box and written the keyword: Best food to eat
2022-04-08 16:42:41,970 INFO  [main] Found search button and clicked
2022-04-08 16:42:41,970 INFO  [main] waiting for 5 sec for search result to be apeared
2022-04-08 16:42:46,976 INFO  [main] Trying to find all the search results and their links
2022-04-08 16:42:47,514 INFO  [main] Found below links (count- 13): 
2022-04-08 16:42:47,514 INFO  [main] ['https://www.ucsfhealth.org/education/top-ten-foods-for-health', 'https://www.youtube.com/watch?v=F7gDIshc-S0&vl=en', 'https://www.youtube.com/watch?v=y14b3IX4mL8', 'https://www.taste.com.au/healthy/galleries/top-15-healthy-foods-eat-every-day/i5eh3vms', 'https://www.eatthis.com/healthiest-foods-on-planet/', 'https://www.healthline.com/nutrition/50-super-healthy-foods', 'https://health.ucdavis.edu/blog/good-food/top-15-healthy-foods-you-should-be-eating/2019/04', 'https://www.realsimple.com/health/nutrition-diet/healthy-eating/the-30-healthiest-foods', 'https://www.delish.com/cooking/nutrition/g585/30-healthiest-foods/', 'https://www.medicalnewstoday.com/articles/245259', 'https://dsearch.com/search?q=Best%20food%20to%20eat', 'https://www.youtube.com/watch?v=VUyEPf-IvdM', 'https://www.youtube.com/channel/UCgU-2uscwUP6x27mUpCGWwg']
2022-04-08 16:42:47,514 INFO  [main] Navigating to : https://www.youtube.com/watch?v=F7gDIshc-S0&vl=en
